<?xml version="1.0" encoding="UTF-8"?>
<testsuite name="TrainTachographTest" tests="1" skipped="0" failures="0" errors="0" timestamp="2021-03-28T21:46:08" hostname="iMac.local" time="0.038">
  <properties/>
  <testcase name="containsElements" classname="TrainTachographTest" time="0.038"/>
  <system-out><![CDATA[]]></system-out>
  <system-err><![CDATA[]]></system-err>
</testsuite>
